{"total": {"lines":{"total":149,"covered":141,"skipped":0,"pct":94.63},"statements":{"total":150,"covered":142,"skipped":0,"pct":94.67},"functions":{"total":40,"covered":40,"skipped":0,"pct":100},"branches":{"total":97,"covered":89,"skipped":0,"pct":91.75}}
,"C:\\Users\\Matteo\\Documents\\Projects 2\\HypixelWrapper\\classes\\HypixelAPI.js": {"lines":{"total":88,"covered":88,"skipped":0,"pct":100},"functions":{"total":30,"covered":30,"skipped":0,"pct":100},"statements":{"total":88,"covered":88,"skipped":0,"pct":100},"branches":{"total":51,"covered":51,"skipped":0,"pct":100}}
,"C:\\Users\\Matteo\\Documents\\Projects 2\\HypixelWrapper\\classes\\RequestManager.js": {"lines":{"total":47,"covered":41,"skipped":0,"pct":87.23},"functions":{"total":6,"covered":6,"skipped":0,"pct":100},"statements":{"total":47,"covered":41,"skipped":0,"pct":87.23},"branches":{"total":44,"covered":36,"skipped":0,"pct":81.82}}
,"C:\\Users\\Matteo\\Documents\\Projects 2\\HypixelWrapper\\classes\\Util.js": {"lines":{"total":14,"covered":12,"skipped":0,"pct":85.71},"functions":{"total":4,"covered":4,"skipped":0,"pct":100},"statements":{"total":15,"covered":13,"skipped":0,"pct":86.67},"branches":{"total":2,"covered":2,"skipped":0,"pct":100}}
}
