TN:
SF:classes\HypixelAPI.js
FN:434,(anonymous_0)
FN:444,(anonymous_1)
FN:464,(anonymous_2)
FN:484,(anonymous_3)
FN:503,(anonymous_4)
FN:514,(anonymous_5)
FN:526,(anonymous_6)
FN:538,(anonymous_7)
FN:550,(anonymous_8)
FN:563,(anonymous_9)
FN:580,(anonymous_10)
FN:601,(anonymous_11)
FN:612,(anonymous_12)
FN:623,(anonymous_13)
FN:634,(anonymous_14)
FN:648,(anonymous_15)
FN:659,(anonymous_16)
FN:670,(anonymous_17)
FN:677,(anonymous_18)
FN:694,(anonymous_19)
FN:708,(anonymous_20)
FN:726,(anonymous_21)
FN:743,(anonymous_22)
FN:757,(anonymous_23)
FN:769,(anonymous_24)
FN:781,(anonymous_25)
FN:792,(anonymous_26)
FN:802,(anonymous_27)
FN:815,(anonymous_28)
FN:825,(anonymous_29)
FNF:30
FNH:30
FNDA:1,(anonymous_0)
FNDA:3,(anonymous_1)
FNDA:3,(anonymous_2)
FNDA:14,(anonymous_3)
FNDA:1,(anonymous_4)
FNDA:2,(anonymous_5)
FNDA:2,(anonymous_6)
FNDA:2,(anonymous_7)
FNDA:2,(anonymous_8)
FNDA:8,(anonymous_9)
FNDA:7,(anonymous_10)
FNDA:1,(anonymous_11)
FNDA:1,(anonymous_12)
FNDA:1,(anonymous_13)
FNDA:1,(anonymous_14)
FNDA:1,(anonymous_15)
FNDA:1,(anonymous_16)
FNDA:1,(anonymous_17)
FNDA:11,(anonymous_18)
FNDA:1,(anonymous_19)
FNDA:4,(anonymous_20)
FNDA:1,(anonymous_21)
FNDA:1,(anonymous_22)
FNDA:1,(anonymous_23)
FNDA:1,(anonymous_24)
FNDA:2,(anonymous_25)
FNDA:1,(anonymous_26)
FNDA:1,(anonymous_27)
FNDA:1,(anonymous_28)
FNDA:1,(anonymous_29)
DA:423,1
DA:425,1
DA:426,1
DA:427,1
DA:435,1
DA:445,3
DA:446,1
DA:448,2
DA:452,2
DA:453,1
DA:455,1
DA:465,3
DA:466,1
DA:468,2
DA:472,2
DA:473,1
DA:475,1
DA:485,14
DA:486,1
DA:488,13
DA:492,13
DA:493,1
DA:495,12
DA:504,1
DA:506,1
DA:515,2
DA:516,2
DA:518,2
DA:527,2
DA:528,2
DA:530,2
DA:539,2
DA:540,2
DA:542,2
DA:551,2
DA:552,2
DA:554,2
DA:564,8
DA:565,1
DA:567,7
DA:572,7
DA:573,4
DA:575,3
DA:577,3
DA:581,7
DA:602,1
DA:604,1
DA:613,1
DA:615,1
DA:624,1
DA:626,1
DA:635,1
DA:637,1
DA:649,1
DA:651,1
DA:660,1
DA:662,1
DA:671,1
DA:674,1
DA:678,11
DA:695,1
DA:697,1
DA:709,4
DA:710,1
DA:712,3
DA:713,1
DA:715,2
DA:717,2
DA:727,1
DA:729,1
DA:744,1
DA:746,1
DA:758,1
DA:760,1
DA:770,1
DA:772,1
DA:782,2
DA:783,2
DA:785,2
DA:793,1
DA:795,1
DA:803,1
DA:805,1
DA:816,1
DA:818,1
DA:826,1
DA:828,1
DA:838,1
LF:88
LH:88
BRDA:434,0,0,1
BRDA:445,1,0,1
BRDA:445,1,1,2
BRDA:445,2,0,3
BRDA:445,2,1,2
BRDA:452,3,0,1
BRDA:452,3,1,1
BRDA:452,4,0,2
BRDA:452,4,1,2
BRDA:465,5,0,1
BRDA:465,5,1,2
BRDA:465,6,0,3
BRDA:465,6,1,2
BRDA:472,7,0,1
BRDA:472,7,1,1
BRDA:472,8,0,2
BRDA:472,8,1,2
BRDA:485,9,0,1
BRDA:485,9,1,13
BRDA:485,10,0,14
BRDA:485,10,1,13
BRDA:485,10,2,6
BRDA:492,11,0,1
BRDA:492,11,1,12
BRDA:492,12,0,13
BRDA:492,12,1,13
BRDA:563,13,0,3
BRDA:564,14,0,1
BRDA:564,14,1,7
BRDA:567,15,0,1
BRDA:567,15,1,6
BRDA:568,16,0,2
BRDA:568,16,1,4
BRDA:568,17,0,2
BRDA:568,17,1,1
BRDA:569,18,0,2
BRDA:569,18,1,2
BRDA:569,19,0,2
BRDA:569,19,1,1
BRDA:570,20,0,2
BRDA:570,20,1,1
BRDA:572,21,0,4
BRDA:572,21,1,3
BRDA:674,22,0,1
BRDA:674,22,1,1
BRDA:708,23,0,2
BRDA:709,24,0,1
BRDA:709,24,1,3
BRDA:712,25,0,1
BRDA:712,25,1,2
BRDA:726,26,0,1
BRF:51
BRH:51
end_of_record
TN:
SF:classes\RequestManager.js
FN:13,(anonymous_0)
FN:23,(anonymous_1)
FN:69,(anonymous_2)
FN:78,(anonymous_3)
FN:88,(anonymous_4)
FN:100,(anonymous_5)
FNF:6
FNH:6
FNDA:4,(anonymous_0)
FNDA:57,(anonymous_1)
FNDA:36,(anonymous_2)
FNDA:33,(anonymous_3)
FNDA:1,(anonymous_4)
FNDA:41,(anonymous_5)
DA:1,2
DA:2,2
DA:4,2
DA:6,2
DA:14,4
DA:15,4
DA:16,4
DA:18,4
DA:19,4
DA:21,4
DA:24,57
DA:26,57
DA:27,56
DA:29,56
DA:30,20
DA:33,37
DA:35,37
DA:36,0
DA:39,37
DA:40,36
DA:46,37
DA:48,36
DA:49,36
DA:51,36
DA:55,4
DA:56,1
DA:58,3
DA:59,3
DA:60,1
DA:70,36
DA:79,33
DA:89,1
DA:101,41
DA:102,1
DA:104,40
DA:106,40
DA:108,40
DA:116,39
DA:117,1
DA:120,38
DA:121,0
DA:122,0
DA:124,0
DA:126,0
DA:129,0
DA:132,38
DA:136,2
LF:47
LH:41
BRDA:13,0,0,1
BRDA:13,1,0,3
BRDA:18,2,0,3
BRDA:18,2,1,1
BRDA:24,3,0,57
BRDA:24,3,1,17
BRDA:24,4,0,57
BRDA:24,4,1,17
BRDA:26,5,0,56
BRDA:26,5,1,1
BRDA:29,6,0,20
BRDA:29,6,1,36
BRDA:35,7,0,0
BRDA:35,7,1,37
BRDA:39,8,0,36
BRDA:39,8,1,1
BRDA:40,9,0,36
BRDA:40,9,1,4
BRDA:55,10,0,1
BRDA:55,10,1,3
BRDA:59,11,0,1
BRDA:59,11,1,2
BRDA:100,12,0,8
BRDA:100,13,0,40
BRDA:101,14,0,1
BRDA:101,14,1,40
BRDA:101,15,0,41
BRDA:101,15,1,3
BRDA:104,16,0,7
BRDA:104,16,1,33
BRDA:104,17,0,2
BRDA:104,17,1,31
BRDA:111,18,0,33
BRDA:111,18,1,7
BRDA:116,19,0,1
BRDA:116,19,1,38
BRDA:120,20,0,0
BRDA:120,20,1,38
BRDA:121,21,0,0
BRDA:121,21,1,0
BRDA:121,22,0,0
BRDA:121,22,1,0
BRDA:129,23,0,0
BRDA:129,23,1,0
BRF:44
BRH:36
end_of_record
TN:
SF:classes\Util.js
FN:15,(anonymous_0)
FN:24,(anonymous_1)
FN:25,(anonymous_2)
FN:33,(anonymous_3)
FNF:4
FNH:4
FNDA:1,(anonymous_0)
FNDA:1,(anonymous_1)
FNDA:1,(anonymous_2)
FNDA:3,(anonymous_3)
DA:1,3
DA:2,3
DA:3,3
DA:5,3
DA:16,1
DA:25,1
DA:34,3
DA:35,1
DA:37,2
DA:38,2
DA:39,0
DA:41,0
DA:43,1
DA:48,3
LF:14
LH:12
BRDA:34,0,0,1
BRDA:34,0,1,2
BRF:2
BRH:2
end_of_record
